[projecteuler.net/show=all.html]
[backblue.gif]
[fade.gif]
[index.html]
[projecteuler.net/about.html]
[projecteuler.net/register.html]
[projecteuler.net/problems.html]
[projecteuler.net/login.html]
[projecteuler.net/rss2_euler.xml]
[projecteuler.net/secure=yes.9.delayed]
[projecteuler.net/problem=1.html]
[projecteuler.net/problem=3.html]
[projecteuler.net/problem=4.html]
[projecteuler.net/problem=6.html]
[projecteuler.net/problem=7.html]
[projecteuler.net/problem=9.html]
[projecteuler.net/problem=10.html]
[projecteuler.net/problem=12.html]
[projecteuler.net/problem=13.html]
[projecteuler.net/problem=14.html]
[projecteuler.net/problem=15.html]
[projecteuler.net/problem=16.html]
[projecteuler.net/problem=17.html]
[projecteuler.net/problem=18.html]
[projecteuler.net/indexf934.html]
[projecteuler.net/problem=19.html]
[projecteuler.net/problem=20.html]
[projecteuler.net/problem=21.html]
[projecteuler.net/problem=22.html]
[projecteuler.net/problem=23.html]
[projecteuler.net/problem=24.html]
[projecteuler.net/problem=25.html]
[projecteuler.net/problem=26.html]
[projecteuler.net/problem=27.html]
[projecteuler.net/problem=28.html]
[projecteuler.net/problem=29.html]
[projecteuler.net/problem=30.html]
[projecteuler.net/problem=31.html]
[projecteuler.net/problem=32.html]
[projecteuler.net/problem=33.html]
[projecteuler.net/problem=34.html]
[projecteuler.net/problem=35.html]
[projecteuler.net/problem=36.html]
[projecteuler.net/problem=37.html]
[projecteuler.net/problem=38.html]
[projecteuler.net/problem=39.html]
[projecteuler.net/problem=40.html]
[projecteuler.net/problem=41.html]
[projecteuler.net/problem=42.html]
[projecteuler.net/problem=43.html]
[projecteuler.net/problem=44.html]
[projecteuler.net/problem=45.html]
[projecteuler.net/problem=46.html]
[projecteuler.net/problem=47.html]
[projecteuler.net/problem=48.html]
[projecteuler.net/problem=49.html]
[projecteuler.net/problem=50.html]
[projecteuler.net/problem=51.html]
[projecteuler.net/problem=52.html]
[projecteuler.net/problem=53.html]
[projecteuler.net/problem=54.html]
[projecteuler.net/problem=55.html]
[projecteuler.net/problem=56.html]
[projecteuler.net/problem=57.html]
[projecteuler.net/problem=58.html]
[projecteuler.net/problem=59.html]
[projecteuler.net/problem=60.html]
[projecteuler.net/problem=61.html]
[projecteuler.net/problem=62.html]
[projecteuler.net/problem=63.html]
[projecteuler.net/problem=64.html]
[projecteuler.net/problem=65.html]
[projecteuler.net/problem=66.html]
[projecteuler.net/problem=67.html]
[projecteuler.net/index8aab.html]
[projecteuler.net/problem=68.html]
[projecteuler.net/problem=69.html]
[projecteuler.net/problem=70.html]
[projecteuler.net/problem=71.html]
[projecteuler.net/problem=75.html]
[projecteuler.net/problem=76.html]
[projecteuler.net/problem=78.html]
[projecteuler.net/problem=79.html]
[projecteuler.net/problem=81.html]
[projecteuler.net/problem=82.html]
[projecteuler.net/problem=74.html]
[projecteuler.net/problem=84.html]
[projecteuler.net/problem=85.html]
[projecteuler.net/problem=87.html]
[projecteuler.net/problem=88.html]
[projecteuler.net/about=roman_numerals.html]
[projecteuler.net/problem=90.html]
[projecteuler.net/problem=92.html]
[projecteuler.net/problem=93.html]
[projecteuler.net/problem=95.html]
[projecteuler.net/problem=96.html]
[projecteuler.net/problem=98.html]
[projecteuler.net/problem=99.html]
[projecteuler.net/problem=101.html]
[projecteuler.net/problem=102.html]
[projecteuler.net/indexe22f.html]
[projecteuler.net/indexc7a2.html]
[projecteuler.net/problem=105.html]
[projecteuler.net/index7746.html]
[projecteuler.net/problem=107.html]
[projecteuler.net/problem=108.html]
[projecteuler.net/problem=109.html]
[projecteuler.net/problem=110.html]
[projecteuler.net/problem=111.html]
[projecteuler.net/problem=112.html]
[projecteuler.net/problem=114.html]
[projecteuler.net/problem=115.html]
[projecteuler.net/problem=116.html]
[projecteuler.net/indexee29.html]
[projecteuler.net/index8279.html]
[projecteuler.net/problem=118.html]
[projecteuler.net/problem=120.html]
[projecteuler.net/problem=121.html]
[projecteuler.net/problem=123.html]
[projecteuler.net/problem=124.html]
[projecteuler.net/problem=126.html]
[projecteuler.net/problem=127.html]
[projecteuler.net/problem=129.html]
[projecteuler.net/problem=130.html]
[projecteuler.net/problem=132.html]
[projecteuler.net/problem=133.html]
[projecteuler.net/problem=135.html]
[projecteuler.net/problem=136.html]
[projecteuler.net/problem=138.html]
[projecteuler.net/problem=139.html]
[projecteuler.net/problem=141.html]
[projecteuler.net/problem=142.html]
[projecteuler.net/problem=144.html]
[projecteuler.net/problem=145.html]
[projecteuler.net/problem=147.html]
[projecteuler.net/problem=148.html]
[projecteuler.net/problem=150.html]
[projecteuler.net/problem=151.html]
[projecteuler.net/problem=153.html]
[projecteuler.net/problem=154.html]
[projecteuler.net/problem=156.html]
[projecteuler.net/problem=159.html]
[projecteuler.net/problem=157.html]
[projecteuler.net/problem=160.html]
[projecteuler.net/problem=162.html]
[projecteuler.net/problem=164.html]
[projecteuler.net/problem=165.html]
[projecteuler.net/problem=167.html]
[projecteuler.net/problem=168.html]
[projecteuler.net/problem=170.html]
[projecteuler.net/problem=171.html]
[projecteuler.net/problem=173.html]
[projecteuler.net/problem=174.html]
[projecteuler.net/problem=176.html]
[projecteuler.net/problem=177.html]
[projecteuler.net/problem=179.html]
[projecteuler.net/problem=180.html]
[projecteuler.net/problem=182.html]
[projecteuler.net/problem=183.html]
[projecteuler.net/problem=185.html]
[projecteuler.net/problem=186.html]
[projecteuler.net/problem=188.html]
[projecteuler.net/problem=189.html]
[projecteuler.net/problem=191.html]
[projecteuler.net/problem=192.html]
[projecteuler.net/problem=194.html]
[projecteuler.net/problem=195.html]
[projecteuler.net/problem=197.html]
[projecteuler.net/problem=198.html]
[projecteuler.net/problem=200.html]
[projecteuler.net/problem=201.html]
[projecteuler.net/problem=203.html]
[projecteuler.net/problem=204.html]
[projecteuler.net/problem=206.html]
[projecteuler.net/problem=207.html]
[projecteuler.net/problem=209.html]
[projecteuler.net/problem=210.html]
[projecteuler.net/problem=212.html]
[projecteuler.net/problem=213.html]
[projecteuler.net/problem=215.html]
[projecteuler.net/problem=216.html]
[projecteuler.net/problem=218.html]
[projecteuler.net/problem=219.html]
[projecteuler.net/problem=221.html]
[projecteuler.net/problem=222.html]
[projecteuler.net/problem=224.html]
[projecteuler.net/problem=225.html]
[projecteuler.net/problem=227.html]
[projecteuler.net/problem=228.html]
[projecteuler.net/problem=230.html]
[projecteuler.net/problem=231.html]
[projecteuler.net/problem=233.html]
[projecteuler.net/problem=234.html]
[projecteuler.net/problem=236.html]
[projecteuler.net/problem=237.html]
[projecteuler.net/problem=239.html]
[projecteuler.net/problem=240.html]
[projecteuler.net/problem=242.html]
[projecteuler.net/problem=243.html]
[projecteuler.net/problem=245.html]
[projecteuler.net/problem=246.html]
[projecteuler.net/problem=248.html]
[projecteuler.net/problem=249.html]
[projecteuler.net/problem=251.html]
[projecteuler.net/problem=252.html]
[projecteuler.net/problem=254.html]
[projecteuler.net/problem=255.html]
[projecteuler.net/problem=257.html]
[projecteuler.net/problem=258.html]
[projecteuler.net/problem=260.html]
[projecteuler.net/problem=261.html]
[projecteuler.net/problem=263.html]
[projecteuler.net/problem=264.html]
[projecteuler.net/problem=266.html]
[projecteuler.net/problem=267.html]
[projecteuler.net/problem=269.html]
[projecteuler.net/problem=270.html]
[projecteuler.net/problem=272.html]
[projecteuler.net/problem=273.html]
[projecteuler.net/problem=275.html]
[projecteuler.net/problem=276.html]
[projecteuler.net/problem=278.html]
[projecteuler.net/problem=279.html]
[projecteuler.net/problem=281.html]
[projecteuler.net/problem=282.html]
[projecteuler.net/problem=284.html]
[projecteuler.net/problem=285.html]
[projecteuler.net/problem=287.html]
[projecteuler.net/problem=288.html]
[projecteuler.net/problem=290.html]
[projecteuler.net/problem=291.html]
[projecteuler.net/problem=293.html]
[projecteuler.net/problem=294.html]
[projecteuler.net/problem=296.html]
[projecteuler.net/problem=297.html]
[projecteuler.net/problem=299.html]
[projecteuler.net/problem=300.html]
[projecteuler.net/problem=302.html]
[projecteuler.net/problem=303.html]
[projecteuler.net/problem=305.html]
[projecteuler.net/problem=306.html]
[projecteuler.net/problem=308.html]
[projecteuler.net/problem=309.html]
[projecteuler.net/problem=311.html]
[projecteuler.net/problem=312.html]
[projecteuler.net/problem=314.html]
[projecteuler.net/problem=315.html]
[projecteuler.net/problem=317.html]
[projecteuler.net/problem=318.html]
[projecteuler.net/problem=320.html]
[projecteuler.net/problem=321.html]
[projecteuler.net/problem=323.html]
[projecteuler.net/problem=324.html]
[projecteuler.net/problem=326.html]
[projecteuler.net/problem=327.html]
[projecteuler.net/problem=329.html]
[projecteuler.net/problem=330.html]
[projecteuler.net/problem=332.html]
[projecteuler.net/problem=333.html]
[projecteuler.net/problem=335.html]
[projecteuler.net/problem=336.html]
[projecteuler.net/problem=338.html]
[projecteuler.net/problem=339.html]
[projecteuler.net/problem=341.html]
[projecteuler.net/problem=342.html]
[projecteuler.net/problem=344.html]
[projecteuler.net/problem=345.html]
[projecteuler.net/problem=347.html]
[projecteuler.net/problem=348.html]
[projecteuler.net/problem=350.html]
[projecteuler.net/problem=351.html]
[projecteuler.net/problem=353.html]
[projecteuler.net/problem=354.html]
[projecteuler.net/problem=356.html]
[projecteuler.net/problem=357.html]
[projecteuler.net/problem=359.html]
[projecteuler.net/problem=360.html]
[projecteuler.net/problem=362.html]
[projecteuler.net/problem=363.html]
[projecteuler.net/problem=364.html]
[projecteuler.net/problem=365.html]
[projecteuler.net/problem=367.html]
[projecteuler.net/problem=368.html]
[projecteuler.net/problem=370.html]
[projecteuler.net/problem=371.html]
[projecteuler.net/problem=373.html]
[projecteuler.net/problem=374.html]
[projecteuler.net/problem=376.html]
[projecteuler.net/problem=377.html]
[projecteuler.net/problem=379.html]
[projecteuler.net/problem=380.html]
[projecteuler.net/problem=382.html]
[projecteuler.net/problem=383.html]
[projecteuler.net/problem=385.html]
[projecteuler.net/problem=386.html]
[projecteuler.net/problem=388.html]
[projecteuler.net/problem=389.html]
[projecteuler.net/problem=391.html]
[projecteuler.net/show=all.html]
[projecteuler.net/style_main.css]
[projecteuler.net/style_light.css]
[projecteuler.net/about.html]
[projecteuler.net/copyright.html]
[projecteuler.net/captcha/image_play.wav]
[projecteuler.net/captcha/audio_icon.gif]
[projecteuler.net/register.html]
[projecteuler.net/captcha/image_showfb61.png]
[projecteuler.net/problems;page=3.html]
[projecteuler.net/problems;page=4.html]
[projecteuler.net/problems;page=6.html]
[projecteuler.net/problems.html]
[projecteuler.net/problems;page=8.html]
[projecteuler.net/login.html]
[projecteuler.net/problem=1.html]
[projecteuler.net/problem=3.html]
[projecteuler.net/problem=4.html]
[projecteuler.net/problem=6.html]
[projecteuler.net/problem=7.html]
[projecteuler.net/problem=9.html]
[projecteuler.net/problem=10.html]
[projecteuler.net/problem=12.html]
[projecteuler.net/problem=13.html]
[projecteuler.net/problem=14.html]
[projecteuler.net/problem=15.html]
[projecteuler.net/problem=16.html]
[projecteuler.net/problem=17.html]
[projecteuler.net/problem=18.html]
[projecteuler.net/indexf934.html]
[projecteuler.net/problem=19.html]
[projecteuler.net/problem=20.html]
[projecteuler.net/problem=21.html]
[projecteuler.net/problem=22.html]
[projecteuler.net/problem=23.html]
[projecteuler.net/problem=24.html]
[projecteuler.net/problem=25.html]
[projecteuler.net/problem=26.html]
[projecteuler.net/problem=27.html]
[projecteuler.net/problem=28.html]
[projecteuler.net/problem=29.html]
[projecteuler.net/problem=30.html]
[projecteuler.net/problem=31.html]
[projecteuler.net/problem=32.html]
[projecteuler.net/problem=33.html]
[projecteuler.net/problem=34.html]
[projecteuler.net/problem=35.html]
[projecteuler.net/problem=36.html]
[projecteuler.net/problem=37.html]
[projecteuler.net/problem=38.html]
[projecteuler.net/problem=39.html]
[projecteuler.net/problem=40.html]
[projecteuler.net/problem=41.html]
[projecteuler.net/problem=42.html]
[projecteuler.net/problem=43.html]
[projecteuler.net/problem=44.html]
[projecteuler.net/problem=45.html]
[projecteuler.net/problem=46.html]
[projecteuler.net/problem=47.html]
[projecteuler.net/problem=48.html]
[projecteuler.net/problem=49.html]
[projecteuler.net/problem=50.html]
[projecteuler.net/problem=51.html]
[projecteuler.net/problem=52.html]
[projecteuler.net/problem=53.html]
[projecteuler.net/problem=54.html]
[projecteuler.net/problem=55.html]
[projecteuler.net/problem=56.html]
[projecteuler.net/problem=57.html]
[projecteuler.net/problem=58.html]
[projecteuler.net/problem=59.html]
[projecteuler.net/problem=60.html]
[projecteuler.net/problem=61.html]
[projecteuler.net/problem=62.html]
[projecteuler.net/problem=63.html]
[projecteuler.net/problem=64.html]
[projecteuler.net/problem=65.html]
[projecteuler.net/problem=66.html]
[projecteuler.net/problem=67.html]
[projecteuler.net/index8aab.html]
[projecteuler.net/problem=68.html]
[projecteuler.net/problem=69.html]
[projecteuler.net/problem=70.html]
[projecteuler.net/problem=71.html]
[projecteuler.net/problem=74.html]
[projecteuler.net/problem=75.html]
[projecteuler.net/problem=76.html]
[projecteuler.net/problem=78.html]
[projecteuler.net/problem=79.html]
[projecteuler.net/problem=81.html]
[projecteuler.net/problem=82.html]
[projecteuler.net/problem=84.html]
[projecteuler.net/problem=85.html]
[projecteuler.net/problem=87.html]
[projecteuler.net/problem=88.html]
[projecteuler.net/about=roman_numerals.html]
[projecteuler.net/problem=90.html]
[projecteuler.net/problem=92.html]
[projecteuler.net/problem=93.html]
[projecteuler.net/problem=95.html]
[projecteuler.net/problem=96.html]
[projecteuler.net/problem=98.html]
[projecteuler.net/problem=99.html]
[projecteuler.net/problem=101.html]
[projecteuler.net/problem=102.html]
[projecteuler.net/indexe22f.html]
[projecteuler.net/indexc7a2.html]
[projecteuler.net/problem=105.html]
[projecteuler.net/index7746.html]
[projecteuler.net/problem=107.html]
[projecteuler.net/problem=108.html]
[projecteuler.net/problem=109.html]
[projecteuler.net/problem=110.html]
[projecteuler.net/problem=111.html]
[projecteuler.net/problem=112.html]
[projecteuler.net/problem=114.html]
[projecteuler.net/problem=115.html]
[projecteuler.net/problem=116.html]
[projecteuler.net/reset_password.html]
[projecteuler.net/indexee29.html]
[projecteuler.net/index8279.html]
[projecteuler.net/problem=118.html]
[projecteuler.net/problem=120.html]
[projecteuler.net/problem=121.html]
[projecteuler.net/problem=123.html]
[projecteuler.net/problem=124.html]
[projecteuler.net/problem=126.html]
[projecteuler.net/problem=127.html]
[projecteuler.net/problem=129.html]
[projecteuler.net/problem=130.html]
[projecteuler.net/problem=132.html]
[projecteuler.net/problem=133.html]
[projecteuler.net/problem=135.html]
[projecteuler.net/problem=136.html]
[projecteuler.net/problem=138.html]
[projecteuler.net/problem=139.html]
[projecteuler.net/problem=141.html]
[projecteuler.net/problem=142.html]
[projecteuler.net/problem=144.html]
[projecteuler.net/problem=145.html]
[projecteuler.net/problem=147.html]
[projecteuler.net/problem=148.html]
[projecteuler.net/problem=150.html]
[projecteuler.net/problem=151.html]
[projecteuler.net/problem=153.html]
[projecteuler.net/problem=154.html]
[projecteuler.net/problem=156.html]
[projecteuler.net/problem=157.html]
[projecteuler.net/problem=159.html]
[projecteuler.net/problem=160.html]
[projecteuler.net/problem=162.html]
[projecteuler.net/problem=164.html]
[projecteuler.net/problem=165.html]
[projecteuler.net/problem=167.html]
[projecteuler.net/problem=168.html]
[projecteuler.net/problem=170.html]
[projecteuler.net/problem=171.html]
[projecteuler.net/problem=173.html]
[projecteuler.net/problem=174.html]
[projecteuler.net/problem=176.html]
[projecteuler.net/problem=177.html]
[projecteuler.net/problem=179.html]
[projecteuler.net/problem=180.html]
[projecteuler.net/problem=182.html]
[projecteuler.net/problem=183.html]
[projecteuler.net/problem=185.html]
[projecteuler.net/problem=186.html]
[projecteuler.net/problem=188.html]
[projecteuler.net/problem=189.html]
[projecteuler.net/problem=191.html]
[projecteuler.net/problem=192.html]
[projecteuler.net/problem=194.html]
[projecteuler.net/problem=195.html]
[projecteuler.net/problem=197.html]
[projecteuler.net/problem=198.html]
[projecteuler.net/problem=200.html]
[projecteuler.net/problem=201.html]
[projecteuler.net/problem=203.html]
[projecteuler.net/problem=204.html]
[projecteuler.net/problem=206.html]
[projecteuler.net/problem=207.html]
[projecteuler.net/problem=209.html]
[projecteuler.net/problem=210.html]
[projecteuler.net/problem=212.html]
[projecteuler.net/problem=213.html]
[projecteuler.net/problem=215.html]
[projecteuler.net/problem=216.html]
[projecteuler.net/problem=218.html]
[projecteuler.net/problem=219.html]
[projecteuler.net/problem=221.html]
[projecteuler.net/problem=222.html]
[projecteuler.net/problem=224.html]
[projecteuler.net/problem=225.html]
[projecteuler.net/problem=227.html]
[projecteuler.net/problem=228.html]
[projecteuler.net/problem=230.html]
[projecteuler.net/problem=231.html]
[projecteuler.net/problem=233.html]
[projecteuler.net/problem=234.html]
[projecteuler.net/problem=236.html]
[projecteuler.net/problem=237.html]
[projecteuler.net/problem=239.html]
[projecteuler.net/problem=240.html]
[projecteuler.net/problem=242.html]
[projecteuler.net/problem=243.html]
[projecteuler.net/problem=245.html]
[projecteuler.net/problem=246.html]
[projecteuler.net/problem=248.html]
[projecteuler.net/problem=249.html]
[projecteuler.net/problem=251.html]
[projecteuler.net/problem=252.html]
[projecteuler.net/problem=254.html]
[projecteuler.net/problem=255.html]
[projecteuler.net/problem=257.html]
[projecteuler.net/problem=258.html]
[projecteuler.net/problem=260.html]
[projecteuler.net/problem=261.html]
[projecteuler.net/problem=263.html]
[projecteuler.net/problem=264.html]
[projecteuler.net/problem=266.html]
[projecteuler.net/problem=267.html]
[projecteuler.net/problem=269.html]
[projecteuler.net/problem=270.html]
[projecteuler.net/problem=272.html]
[projecteuler.net/problem=273.html]
[projecteuler.net/problem=275.html]
[projecteuler.net/problem=276.html]
[projecteuler.net/problem=278.html]
[projecteuler.net/problem=279.html]
[projecteuler.net/problem=281.html]
[projecteuler.net/problem=282.html]
[projecteuler.net/problem=284.html]
[projecteuler.net/problem=285.html]
[projecteuler.net/problem=287.html]
[projecteuler.net/problem=288.html]
[projecteuler.net/problem=290.html]
[projecteuler.net/problem=291.html]
[projecteuler.net/problem=293.html]
[projecteuler.net/problem=294.html]
[projecteuler.net/problem=296.html]
[projecteuler.net/problem=297.html]
[projecteuler.net/problem=299.html]
[projecteuler.net/problem=300.html]
[projecteuler.net/problem=302.html]
[projecteuler.net/problem=303.html]
[projecteuler.net/problem=305.html]
[projecteuler.net/problem=306.html]
[projecteuler.net/problem=308.html]
[projecteuler.net/problem=309.html]
[projecteuler.net/problem=311.html]
[projecteuler.net/problem=312.html]
[projecteuler.net/problem=314.html]
[projecteuler.net/problem=315.html]
[projecteuler.net/problem=317.html]
[projecteuler.net/problem=318.html]
[projecteuler.net/problem=320.html]
[projecteuler.net/problem=321.html]
[projecteuler.net/problem=323.html]
[projecteuler.net/problem=324.html]
[projecteuler.net/problem=326.html]
[projecteuler.net/problem=327.html]
[projecteuler.net/problem=329.html]
[projecteuler.net/problem=330.html]
[projecteuler.net/problem=332.html]
[projecteuler.net/problem=333.html]
[projecteuler.net/problem=335.html]
[projecteuler.net/problem=336.html]
[projecteuler.net/problem=338.html]
[projecteuler.net/problem=339.html]
[projecteuler.net/problem=341.html]
[projecteuler.net/problem=342.html]
[projecteuler.net/problem=344.html]
[projecteuler.net/problem=345.html]
[projecteuler.net/problem=347.html]
[projecteuler.net/problem=348.html]
[projecteuler.net/problem=350.html]
[projecteuler.net/problem=351.html]
[projecteuler.net/problem=353.html]
[projecteuler.net/problem=354.html]
[projecteuler.net/problem=356.html]
[projecteuler.net/problem=357.html]
[projecteuler.net/problem=359.html]
[projecteuler.net/problem=360.html]
[projecteuler.net/problem=362.html]
[projecteuler.net/problem=363.html]
[projecteuler.net/problem=364.html]
[projecteuler.net/problem=365.html]
[projecteuler.net/problem=367.html]
[projecteuler.net/problem=368.html]
[projecteuler.net/problem=370.html]
[projecteuler.net/problem=371.html]
[projecteuler.net/problem=373.html]
[projecteuler.net/problem=374.html]
[projecteuler.net/problem=376.html]
[projecteuler.net/problem=377.html]
[projecteuler.net/problem=379.html]
[projecteuler.net/problem=380.html]
[projecteuler.net/problem=382.html]
[projecteuler.net/problem=383.html]
[projecteuler.net/problem=385.html]
[projecteuler.net/problem=386.html]
[projecteuler.net/problem=388.html]
[projecteuler.net/problem=389.html]
[projecteuler.net/problem=391.html]
[projecteuler.net/copyright.html]
[projecteuler.net/problems;page=3.html]
[projecteuler.net/problems;page=4.html]
[projecteuler.net/fastest=278.html]
[projecteuler.net/fastest=279.html]
[projecteuler.net/fastest=281.html]
[projecteuler.net/fastest=282.html]
[projecteuler.net/fastest=284.html]
[projecteuler.net/fastest=285.html]
[projecteuler.net/fastest=287.html]
[projecteuler.net/fastest=288.html]
[projecteuler.net/fastest=290.html]
[projecteuler.net/fastest=291.html]
[projecteuler.net/fastest=293.html]
[projecteuler.net/fastest=294.html]
[projecteuler.net/fastest=296.html]
[projecteuler.net/fastest=297.html]
[projecteuler.net/fastest=299.html]
[projecteuler.net/problems;page=6.html]
[projecteuler.net/fastest=300.html]
[projecteuler.net/fastest=352.html]
[projecteuler.net/fastest=353.html]
[projecteuler.net/fastest=355.html]
[projecteuler.net/fastest=356.html]
[projecteuler.net/fastest=358.html]
[projecteuler.net/fastest=359.html]
[projecteuler.net/fastest=361.html]
[projecteuler.net/fastest=362.html]
[projecteuler.net/fastest=364.html]
[projecteuler.net/fastest=365.html]
[projecteuler.net/fastest=367.html]
[projecteuler.net/fastest=368.html]
[projecteuler.net/fastest=370.html]
[projecteuler.net/fastest=371.html]
[projecteuler.net/fastest=373.html]
[projecteuler.net/fastest=374.html]
[projecteuler.net/fastest=376.html]
[projecteuler.net/fastest=377.html]
[projecteuler.net/fastest=379.html]
[projecteuler.net/fastest=380.html]
[projecteuler.net/fastest=382.html]
[projecteuler.net/fastest=383.html]
[projecteuler.net/fastest=385.html]
[projecteuler.net/fastest=386.html]
[projecteuler.net/fastest=388.html]
[projecteuler.net/fastest=389.html]
[projecteuler.net/problems;page=8.html]
[projecteuler.net/reset_password.html]
[projecteuler.net/fastest=391.html]
[projecteuler.net/problem=2html.html]
[projecteuler.net/problem=2html.html]
[projecteuler.net/problem=5html.html]
[projecteuler.net/problem=5html.html]
[projecteuler.net/problem=8html.html]
[projecteuler.net/problem=8html.html]
[projecteuler.net/problem=11html.html]
[projecteuler.net/problem=11html.html]
[projecteuler.net/problem=72html.html]
[projecteuler.net/problem=72html.html]
[projecteuler.net/problem=73html.html]
[projecteuler.net/problem=73html.html]
[projecteuler.net/problem=77html.html]
[projecteuler.net/problem=77html.html]
[projecteuler.net/problem=80html.html]
[projecteuler.net/problem=80html.html]
[projecteuler.net/indexc173.php]
[projecteuler.net/indexc173.php]
[projecteuler.net/problem=83html.html]
[projecteuler.net/problem=83html.html]
[projecteuler.net/problem=86html.html]
[projecteuler.net/problem=86html.html]
[projecteuler.net/problem=89html.html]
[projecteuler.net/problem=89html.html]
[projecteuler.net/problem=91html.html]
[projecteuler.net/problem=91html.html]
[projecteuler.net/problem=94html.html]
[projecteuler.net/problem=94html.html]
[projecteuler.net/problem=97html.html]
[projecteuler.net/problem=97html.html]
[projecteuler.net/problem=100html.html]
[projecteuler.net/problem=100html.html]
[projecteuler.net/problem=103html.html]
[projecteuler.net/problem=103html.html]
[projecteuler.net/problem=104html.html]
[projecteuler.net/problem=104html.html]
[projecteuler.net/problem=106html.html]
[projecteuler.net/problem=106html.html]
[projecteuler.net/indexa01c.php]
[projecteuler.net/indexa01c.php]
[projecteuler.net/index8d7b.php]
[projecteuler.net/index8d7b.php]
[projecteuler.net/problem=113html.html]
[projecteuler.net/problem=113html.html]
[projecteuler.net/indexd81a.php]
[projecteuler.net/indexd81a.php]
[projecteuler.net/problem=117html.html]
[projecteuler.net/problem=117html.html]
[projecteuler.net/problem=119html.html]
[projecteuler.net/problem=119html.html]
[projecteuler.net/problem=122html.html]
[projecteuler.net/problem=122html.html]
[projecteuler.net/problem=125html.html]
[projecteuler.net/problem=125html.html]
[projecteuler.net/problem=128html.html]
[projecteuler.net/problem=128html.html]
[projecteuler.net/problem=131html.html]
[projecteuler.net/problem=131html.html]
[projecteuler.net/problem=134html.html]
[projecteuler.net/problem=134html.html]
[projecteuler.net/problem=137html.html]
[projecteuler.net/problem=137html.html]
[projecteuler.net/problem=140html.html]
[projecteuler.net/problem=140html.html]
[projecteuler.net/problem=143html.html]
[projecteuler.net/problem=143html.html]
[projecteuler.net/problem=146html.html]
[projecteuler.net/problem=146html.html]
[projecteuler.net/problem=149html.html]
[projecteuler.net/problem=149html.html]
[projecteuler.net/problem=152html.html]
[projecteuler.net/problem=152html.html]
[projecteuler.net/problem=155html.html]
[projecteuler.net/problem=155html.html]
[projecteuler.net/problem=158html.html]
[projecteuler.net/problem=158html.html]
[projecteuler.net/problem=161html.html]
[projecteuler.net/problem=161html.html]
[projecteuler.net/problem=163html.html]
[projecteuler.net/problem=163html.html]
[projecteuler.net/problem=166html.html]
[projecteuler.net/problem=166html.html]
[projecteuler.net/problem=169html.html]
[projecteuler.net/problem=169html.html]
[projecteuler.net/problem=172html.html]
[projecteuler.net/problem=172html.html]
[projecteuler.net/problem=175html.html]
[projecteuler.net/problem=175html.html]
[projecteuler.net/problem=178html.html]
[projecteuler.net/problem=178html.html]
[projecteuler.net/problem=181html.html]
[projecteuler.net/problem=181html.html]
[projecteuler.net/problem=184html.html]
[projecteuler.net/problem=184html.html]
[projecteuler.net/problem=187html.html]
[projecteuler.net/problem=187html.html]
[projecteuler.net/problem=190html.html]
[projecteuler.net/problem=190html.html]
[projecteuler.net/problem=193html.html]
[projecteuler.net/problem=193html.html]
[projecteuler.net/problem=196html.html]
[projecteuler.net/problem=196html.html]
[projecteuler.net/problem=199html.html]
[projecteuler.net/problem=199html.html]
[projecteuler.net/problem=202html.html]
[projecteuler.net/problem=202html.html]
[projecteuler.net/problem=205html.html]
[projecteuler.net/problem=205html.html]
[projecteuler.net/problem=208html.html]
[projecteuler.net/problem=208html.html]
[projecteuler.net/problem=211html.html]
[projecteuler.net/problem=211html.html]
[projecteuler.net/problem=214html.html]
[projecteuler.net/problem=214html.html]
[projecteuler.net/problem=217html.html]
[projecteuler.net/problem=217html.html]
[projecteuler.net/problem=220html.html]
[projecteuler.net/problem=220html.html]
[projecteuler.net/problem=223html.html]
[projecteuler.net/problem=223html.html]
[projecteuler.net/problem=226html.html]
[projecteuler.net/problem=226html.html]
[projecteuler.net/problem=229html.html]
[projecteuler.net/problem=229html.html]
[projecteuler.net/problem=232html.html]
[projecteuler.net/problem=232html.html]
[projecteuler.net/problem=235html.html]
[projecteuler.net/problem=235html.html]
[projecteuler.net/problem=238html.html]
[projecteuler.net/problem=238html.html]
[projecteuler.net/problem=241html.html]
[projecteuler.net/problem=241html.html]
[projecteuler.net/problem=244html.html]
[projecteuler.net/problem=244html.html]
[projecteuler.net/problem=247html.html]
[projecteuler.net/problem=247html.html]
[projecteuler.net/problem=250html.html]
[projecteuler.net/problem=250html.html]
[projecteuler.net/problem=253html.html]
[projecteuler.net/problem=253html.html]
[projecteuler.net/problem=256html.html]
[projecteuler.net/problem=256html.html]
[projecteuler.net/problem=259html.html]
[projecteuler.net/problem=259html.html]
[projecteuler.net/problem=262html.html]
[projecteuler.net/problem=262html.html]
[projecteuler.net/problem=265html.html]
[projecteuler.net/problem=265html.html]
[projecteuler.net/problem=268html.html]
[projecteuler.net/problem=268html.html]
[projecteuler.net/problem=271html.html]
[projecteuler.net/problem=271html.html]
[projecteuler.net/problem=274html.html]
[projecteuler.net/problem=274html.html]
[projecteuler.net/problem=277html.html]
[projecteuler.net/problem=277html.html]
[projecteuler.net/problem=280html.html]
[projecteuler.net/problem=280html.html]
[projecteuler.net/problem=283html.html]
[projecteuler.net/problem=283html.html]
[projecteuler.net/problem=286html.html]
[projecteuler.net/problem=286html.html]
[projecteuler.net/problem=289html.html]
[projecteuler.net/problem=289html.html]
[projecteuler.net/problem=292html.html]
[projecteuler.net/problem=292html.html]
[projecteuler.net/problem=295html.html]
[projecteuler.net/problem=295html.html]
[projecteuler.net/problem=298html.html]
[projecteuler.net/problem=298html.html]
[projecteuler.net/problem=301html.html]
[projecteuler.net/problem=301html.html]
[projecteuler.net/problem=304html.html]
[projecteuler.net/problem=304html.html]
[projecteuler.net/problem=307html.html]
[projecteuler.net/problem=307html.html]
[projecteuler.net/problem=310html.html]
[projecteuler.net/problem=310html.html]
[projecteuler.net/problem=313html.html]
[projecteuler.net/problem=313html.html]
[projecteuler.net/problem=316html.html]
[projecteuler.net/problem=316html.html]
[projecteuler.net/problem=319html.html]
[projecteuler.net/problem=319html.html]
[projecteuler.net/problem=322html.html]
[projecteuler.net/problem=322html.html]
[projecteuler.net/problem=325html.html]
[projecteuler.net/problem=325html.html]
[projecteuler.net/problem=328html.html]
[projecteuler.net/problem=328html.html]
[projecteuler.net/problem=331html.html]
[projecteuler.net/problem=331html.html]
[projecteuler.net/problem=334html.html]
[projecteuler.net/problem=334html.html]
[projecteuler.net/problem=337html.html]
[projecteuler.net/problem=337html.html]
[projecteuler.net/problem=340html.html]
[projecteuler.net/problem=340html.html]
[projecteuler.net/problem=343html.html]
[projecteuler.net/problem=343html.html]
[projecteuler.net/problem=346html.html]
[projecteuler.net/problem=346html.html]
[projecteuler.net/problem=349html.html]
[projecteuler.net/problem=349html.html]
[projecteuler.net/problem=352html.html]
[projecteuler.net/problem=352html.html]
[projecteuler.net/problem=358html.html]
[projecteuler.net/problem=358html.html]
[projecteuler.net/problem=361html.html]
[projecteuler.net/problem=361html.html]
[projecteuler.net/CabriJava.class]
[projecteuler.net/problem=366html.html]
[projecteuler.net/problem=366html.html]
[projecteuler.net/problem=369html.html]
[projecteuler.net/problem=369html.html]
[projecteuler.net/problem=372html.html]
[projecteuler.net/problem=372html.html]
[projecteuler.net/problem=375html.html]
[projecteuler.net/problem=375html.html]
[projecteuler.net/problem=378html.html]
[projecteuler.net/problem=378html.html]
[projecteuler.net/problem=381html.html]
[projecteuler.net/problem=381html.html]
[projecteuler.net/problem=384html.html]
[projecteuler.net/problem=384html.html]
[projecteuler.net/problem=387html.html]
[projecteuler.net/problem=387html.html]
[projecteuler.net/problem=390html.html]
[projecteuler.net/problem=390html.html]
[projecteuler.net/favicon.ico]
[projecteuler.net/captcha/image_show0742.php]
[projecteuler.net/problems;page=2html.html]
[projecteuler.net/problems;page=2html.html]
[projecteuler.net/problems;page=5html.html]
[projecteuler.net/problems;page=5html.html]
[projecteuler.net/fastest=278.html]
[projecteuler.net/fastest=279.html]
[projecteuler.net/fastest=281.html]
[projecteuler.net/fastest=282.html]
[projecteuler.net/fastest=284.html]
[projecteuler.net/fastest=285.html]
[projecteuler.net/fastest=287.html]
[projecteuler.net/fastest=288.html]
[projecteuler.net/fastest=290.html]
[projecteuler.net/fastest=291.html]
[projecteuler.net/fastest=293.html]
[projecteuler.net/fastest=294.html]
[projecteuler.net/fastest=296.html]
[projecteuler.net/fastest=297.html]
[projecteuler.net/fastest=299.html]
[projecteuler.net/fastest=300.html]
[projecteuler.net/problems;page=7html.html]
[projecteuler.net/fastest=301.html]
[projecteuler.net/fastest=302.html]
[projecteuler.net/fastest=304.html]
[projecteuler.net/fastest=305.html]
[projecteuler.net/fastest=307.html]
[projecteuler.net/fastest=308.html]
[projecteuler.net/fastest=310.html]
[projecteuler.net/fastest=311.html]
[projecteuler.net/fastest=313.html]
[projecteuler.net/fastest=314.html]
[projecteuler.net/fastest=316.html]
[projecteuler.net/fastest=317.html]
[projecteuler.net/fastest=319.html]
[projecteuler.net/fastest=320.html]
[projecteuler.net/fastest=322.html]
[projecteuler.net/fastest=323.html]
[projecteuler.net/fastest=325.html]
[projecteuler.net/fastest=326.html]
[projecteuler.net/fastest=328.html]
[projecteuler.net/fastest=329.html]
[projecteuler.net/fastest=331.html]
[projecteuler.net/fastest=332.html]
[projecteuler.net/fastest=334.html]
[projecteuler.net/fastest=335.html]
[projecteuler.net/fastest=337.html]
[projecteuler.net/fastest=338.html]
[projecteuler.net/fastest=340.html]
[projecteuler.net/fastest=341.html]
[projecteuler.net/fastest=343.html]
[projecteuler.net/fastest=344.html]
[projecteuler.net/fastest=346.html]
[projecteuler.net/fastest=347.html]
[projecteuler.net/fastest=349.html]
[projecteuler.net/problems;page=7html.html]
[projecteuler.net/fastest=352.html]
[projecteuler.net/fastest=353.html]
[projecteuler.net/fastest=355.html]
[projecteuler.net/fastest=356.html]
[projecteuler.net/fastest=358.html]
[projecteuler.net/fastest=359.html]
[projecteuler.net/fastest=361.html]
[projecteuler.net/fastest=362.html]
[projecteuler.net/fastest=364.html]
[projecteuler.net/fastest=365.html]
[projecteuler.net/fastest=367.html]
[projecteuler.net/fastest=368.html]
[projecteuler.net/fastest=370.html]
[projecteuler.net/fastest=371.html]
[projecteuler.net/fastest=373.html]
[projecteuler.net/fastest=374.html]
[projecteuler.net/fastest=376.html]
[projecteuler.net/fastest=377.html]
[projecteuler.net/fastest=379.html]
[projecteuler.net/fastest=380.html]
[projecteuler.net/fastest=382.html]
[projecteuler.net/fastest=383.html]
[projecteuler.net/fastest=385.html]
[projecteuler.net/fastest=386.html]
[projecteuler.net/fastest=388.html]
[projecteuler.net/fastest=389.html]
[projecteuler.net/fastest=391.html]
[projecteuler.net/fastest=350.html]
[projecteuler.net/problem=355html.html]
[projecteuler.net/index.html]
[projecteuler.net/index.html]
[projecteuler.net/fastest=277html.html]
[projecteuler.net/fastest=277html.html]
[projecteuler.net/fastest=280html.html]
[projecteuler.net/fastest=280html.html]
[projecteuler.net/fastest=283html.html]
[projecteuler.net/fastest=283html.html]
[projecteuler.net/fastest=286html.html]
[projecteuler.net/fastest=286html.html]
[projecteuler.net/fastest=289html.html]
[projecteuler.net/fastest=289html.html]
[projecteuler.net/fastest=292html.html]
[projecteuler.net/fastest=292html.html]
[projecteuler.net/fastest=295html.html]
[projecteuler.net/fastest=295html.html]
[projecteuler.net/fastest=298html.html]
[projecteuler.net/fastest=298html.html]
[projecteuler.net/fastest=301.html]
[projecteuler.net/fastest=302.html]
[projecteuler.net/fastest=304.html]
[projecteuler.net/fastest=305.html]
[projecteuler.net/fastest=307.html]
[projecteuler.net/fastest=308.html]
[projecteuler.net/fastest=310.html]
[projecteuler.net/fastest=311.html]
[projecteuler.net/fastest=313.html]
[projecteuler.net/fastest=314.html]
[projecteuler.net/fastest=316.html]
[projecteuler.net/fastest=317.html]
[projecteuler.net/fastest=319.html]
[projecteuler.net/fastest=320.html]
[projecteuler.net/fastest=322.html]
[projecteuler.net/fastest=323.html]
[projecteuler.net/fastest=325.html]
[projecteuler.net/fastest=326.html]
[projecteuler.net/fastest=328.html]
[projecteuler.net/fastest=329.html]
[projecteuler.net/fastest=331.html]
[projecteuler.net/fastest=332.html]
[projecteuler.net/fastest=334.html]
[projecteuler.net/fastest=335.html]
[projecteuler.net/fastest=337.html]
[projecteuler.net/fastest=338.html]
[projecteuler.net/fastest=340.html]
[projecteuler.net/fastest=341.html]
[projecteuler.net/fastest=343.html]
[projecteuler.net/fastest=344.html]
[projecteuler.net/fastest=346.html]
[projecteuler.net/fastest=347.html]
[projecteuler.net/fastest=349.html]
[projecteuler.net/fastest=350.html]
[projecteuler.net/fastest=351html.html]
[projecteuler.net/fastest=351html.html]
[projecteuler.net/fastest=354html.html]
[projecteuler.net/fastest=354html.html]
[projecteuler.net/fastest=357html.html]
[projecteuler.net/fastest=357html.html]
[projecteuler.net/fastest=360html.html]
[projecteuler.net/fastest=360html.html]
[projecteuler.net/fastest=363html.html]
[projecteuler.net/fastest=363html.html]
[projecteuler.net/fastest=366html.html]
[projecteuler.net/fastest=366html.html]
[projecteuler.net/fastest=369html.html]
[projecteuler.net/fastest=369html.html]
[projecteuler.net/fastest=372html.html]
[projecteuler.net/fastest=372html.html]
[projecteuler.net/fastest=375html.html]
[projecteuler.net/fastest=375html.html]
[projecteuler.net/fastest=378html.html]
[projecteuler.net/fastest=378html.html]
[projecteuler.net/fastest=381html.html]
[projecteuler.net/fastest=381html.html]
[projecteuler.net/fastest=384html.html]
[projecteuler.net/fastest=384html.html]
[projecteuler.net/fastest=387html.html]
[projecteuler.net/fastest=387html.html]
[projecteuler.net/fastest=390html.html]
[projecteuler.net/fastest=390html.html]
[projecteuler.net/fastest=303html.html]
[projecteuler.net/fastest=303html.html]
[projecteuler.net/fastest=306html.html]
[projecteuler.net/fastest=306html.html]
[projecteuler.net/fastest=309html.html]
[projecteuler.net/fastest=309html.html]
[projecteuler.net/fastest=312html.html]
[projecteuler.net/fastest=312html.html]
[projecteuler.net/fastest=315html.html]
[projecteuler.net/fastest=315html.html]
[projecteuler.net/fastest=318html.html]
[projecteuler.net/fastest=318html.html]
[projecteuler.net/fastest=321html.html]
[projecteuler.net/fastest=321html.html]
[projecteuler.net/fastest=324html.html]
[projecteuler.net/fastest=324html.html]
[projecteuler.net/fastest=327html.html]
[projecteuler.net/fastest=327html.html]
[projecteuler.net/fastest=330html.html]
[projecteuler.net/fastest=330html.html]
[projecteuler.net/fastest=333html.html]
[projecteuler.net/fastest=333html.html]
[projecteuler.net/fastest=336html.html]
[projecteuler.net/fastest=336html.html]
[projecteuler.net/fastest=339html.html]
[projecteuler.net/fastest=339html.html]
[projecteuler.net/fastest=342html.html]
[projecteuler.net/fastest=342html.html]
[projecteuler.net/fastest=345html.html]
[projecteuler.net/fastest=345html.html]
[projecteuler.net/fastest=348html.html]
[projecteuler.net/fastest=348html.html]
